<?xml version="1.0" encoding="UTF-8"?>
<coverage generated="1666646648939" clover="3.2.0">
  <project timestamp="1666646648939" name="All files">
    <metrics statements="66" coveredstatements="31" conditionals="20" coveredconditionals="9" methods="31" coveredmethods="7" elements="117" coveredelements="47" complexity="0" loc="66" ncloc="66" packages="2" files="3" classes="3"/>
    <package name="src">
      <metrics statements="28" coveredstatements="8" conditionals="6" coveredconditionals="0" methods="15" coveredmethods="0"/>
      <file name="apiCalls.js" path="/Users/thomasfettig/turing/mod4/capstone/squad-finder/src/apiCalls.js">
        <metrics statements="28" coveredstatements="8" conditionals="6" coveredconditionals="0" methods="15" coveredmethods="0"/>
        <line num="1" count="1" type="stmt"/>
        <line num="2" count="0" type="stmt"/>
        <line num="4" count="0" type="stmt"/>
        <line num="7" count="1" type="stmt"/>
        <line num="8" count="0" type="stmt"/>
        <line num="11" count="0" type="cond" truecount="0" falsecount="2"/>
        <line num="12" count="0" type="stmt"/>
        <line num="14" count="0" type="stmt"/>
        <line num="19" count="1" type="stmt"/>
        <line num="20" count="0" type="stmt"/>
        <line num="21" count="0" type="cond" truecount="0" falsecount="2"/>
        <line num="22" count="0" type="stmt"/>
        <line num="24" count="0" type="stmt"/>
        <line num="29" count="1" type="stmt"/>
        <line num="30" count="0" type="stmt"/>
        <line num="32" count="0" type="stmt"/>
        <line num="35" count="1" type="stmt"/>
        <line num="43" count="0" type="stmt"/>
        <line num="56" count="0" type="stmt"/>
        <line num="59" count="1" type="stmt"/>
        <line num="60" count="0" type="stmt"/>
        <line num="74" count="0" type="stmt"/>
        <line num="77" count="1" type="stmt"/>
        <line num="78" count="0" type="stmt"/>
        <line num="87" count="0" type="cond" truecount="0" falsecount="2"/>
        <line num="88" count="0" type="stmt"/>
        <line num="93" count="1" type="stmt"/>
        <line num="94" count="0" type="stmt"/>
      </file>
    </package>
    <package name="src.components">
      <metrics statements="38" coveredstatements="23" conditionals="14" coveredconditionals="9" methods="16" coveredmethods="7"/>
      <file name="GameDetailsScreen.js" path="/Users/thomasfettig/turing/mod4/capstone/squad-finder/src/components/GameDetailsScreen.js">
        <metrics statements="29" coveredstatements="15" conditionals="8" coveredconditionals="4" methods="13" coveredmethods="5"/>
        <line num="13" count="1" type="stmt"/>
        <line num="22" count="10" type="stmt"/>
        <line num="23" count="10" type="stmt"/>
        <line num="25" count="10" type="stmt"/>
        <line num="26" count="5" type="cond" truecount="1" falsecount="1"/>
        <line num="27" count="5" type="stmt"/>
        <line num="28" count="20" type="stmt"/>
        <line num="30" count="5" type="stmt"/>
        <line num="33" count="5" type="stmt"/>
        <line num="36" count="10" type="stmt"/>
        <line num="37" count="0" type="stmt"/>
        <line num="38" count="0" type="stmt"/>
        <line num="41" count="0" type="stmt"/>
        <line num="43" count="0" type="stmt"/>
        <line num="44" count="0" type="stmt"/>
        <line num="45" count="0" type="stmt"/>
        <line num="48" count="0" type="stmt"/>
        <line num="49" count="0" type="stmt"/>
        <line num="53" count="10" type="stmt"/>
        <line num="54" count="0" type="stmt"/>
        <line num="61" count="0" type="stmt"/>
        <line num="62" count="0" type="stmt"/>
        <line num="63" count="0" type="stmt"/>
        <line num="66" count="0" type="stmt"/>
        <line num="70" count="10" type="cond" truecount="1" falsecount="1"/>
        <line num="84" count="10" type="stmt"/>
        <line num="91" count="10" type="stmt"/>
        <line num="99" count="0" type="stmt"/>
        <line num="125" count="1" type="stmt"/>
      </file>
      <file name="HomeScreen.js" path="/Users/thomasfettig/turing/mod4/capstone/squad-finder/src/components/HomeScreen.js">
        <metrics statements="9" coveredstatements="8" conditionals="6" coveredconditionals="5" methods="3" coveredmethods="2"/>
        <line num="13" count="1" type="stmt"/>
        <line num="14" count="8" type="stmt"/>
        <line num="16" count="8" type="stmt"/>
        <line num="17" count="32" type="stmt"/>
        <line num="29" count="8" type="cond" truecount="4" falsecount="0"/>
        <line num="30" count="7" type="stmt"/>
        <line num="56" count="0" type="stmt"/>
        <line num="64" count="1" type="stmt"/>
        <line num="72" count="1" type="stmt"/>
      </file>
    </package>
  </project>
</coverage>
