{"/Users/thomasfettig/turing/mod4/capstone/squad-finder/src/apiCalls.js": {"path":"/Users/thomasfettig/turing/mod4/capstone/squad-finder/src/apiCalls.js","statementMap":{"0":{"start":{"line":1,"column":20},"end":{"line":5,"column":1}},"1":{"start":{"line":2,"column":2},"end":{"line":4,"column":40}},"2":{"start":{"line":4,"column":23},"end":{"line":4,"column":38}},"3":{"start":{"line":7,"column":22},"end":{"line":17,"column":1}},"4":{"start":{"line":8,"column":2},"end":{"line":16,"column":5}},"5":{"start":{"line":11,"column":4},"end":{"line":15,"column":5}},"6":{"start":{"line":12,"column":6},"end":{"line":12,"column":58}},"7":{"start":{"line":14,"column":6},"end":{"line":14,"column":29}},"8":{"start":{"line":19,"column":20},"end":{"line":27,"column":1}},"9":{"start":{"line":20,"column":2},"end":{"line":26,"column":5}},"10":{"start":{"line":21,"column":4},"end":{"line":25,"column":5}},"11":{"start":{"line":22,"column":6},"end":{"line":22,"column":58}},"12":{"start":{"line":24,"column":6},"end":{"line":24,"column":29}},"13":{"start":{"line":29,"column":21},"end":{"line":33,"column":1}},"14":{"start":{"line":30,"column":2},"end":{"line":32,"column":40}},"15":{"start":{"line":32,"column":23},"end":{"line":32,"column":38}},"16":{"start":{"line":35,"column":18},"end":{"line":57,"column":1}},"17":{"start":{"line":43,"column":2},"end":{"line":56,"column":41}},"18":{"start":{"line":56,"column":24},"end":{"line":56,"column":39}},"19":{"start":{"line":59,"column":17},"end":{"line":75,"column":1}},"20":{"start":{"line":60,"column":2},"end":{"line":74,"column":40}},"21":{"start":{"line":74,"column":23},"end":{"line":74,"column":38}},"22":{"start":{"line":77,"column":19},"end":{"line":91,"column":1}},"23":{"start":{"line":78,"column":2},"end":{"line":90,"column":4}},"24":{"start":{"line":87,"column":4},"end":{"line":89,"column":5}},"25":{"start":{"line":88,"column":6},"end":{"line":88,"column":59}},"26":{"start":{"line":93,"column":20},"end":{"line":103,"column":1}},"27":{"start":{"line":94,"column":2},"end":{"line":102,"column":4}}},"fnMap":{"0":{"name":"(anonymous_0)","decl":{"start":{"line":1,"column":20},"end":{"line":1,"column":21}},"loc":{"start":{"line":1,"column":31},"end":{"line":5,"column":1}},"line":1},"1":{"name":"(anonymous_1)","decl":{"start":{"line":4,"column":9},"end":{"line":4,"column":10}},"loc":{"start":{"line":4,"column":23},"end":{"line":4,"column":38}},"line":4},"2":{"name":"(anonymous_2)","decl":{"start":{"line":7,"column":22},"end":{"line":7,"column":23}},"loc":{"start":{"line":7,"column":34},"end":{"line":17,"column":1}},"line":7},"3":{"name":"(anonymous_3)","decl":{"start":{"line":10,"column":9},"end":{"line":10,"column":10}},"loc":{"start":{"line":10,"column":23},"end":{"line":16,"column":3}},"line":10},"4":{"name":"(anonymous_4)","decl":{"start":{"line":19,"column":20},"end":{"line":19,"column":21}},"loc":{"start":{"line":19,"column":26},"end":{"line":27,"column":1}},"line":19},"5":{"name":"(anonymous_5)","decl":{"start":{"line":20,"column":76},"end":{"line":20,"column":77}},"loc":{"start":{"line":20,"column":90},"end":{"line":26,"column":3}},"line":20},"6":{"name":"(anonymous_6)","decl":{"start":{"line":29,"column":21},"end":{"line":29,"column":22}},"loc":{"start":{"line":29,"column":33},"end":{"line":33,"column":1}},"line":29},"7":{"name":"(anonymous_7)","decl":{"start":{"line":32,"column":9},"end":{"line":32,"column":10}},"loc":{"start":{"line":32,"column":23},"end":{"line":32,"column":38}},"line":32},"8":{"name":"(anonymous_8)","decl":{"start":{"line":35,"column":18},"end":{"line":35,"column":19}},"loc":{"start":{"line":42,"column":6},"end":{"line":57,"column":1}},"line":42},"9":{"name":"(anonymous_9)","decl":{"start":{"line":56,"column":10},"end":{"line":56,"column":11}},"loc":{"start":{"line":56,"column":24},"end":{"line":56,"column":39}},"line":56},"10":{"name":"(anonymous_10)","decl":{"start":{"line":59,"column":17},"end":{"line":59,"column":18}},"loc":{"start":{"line":59,"column":62},"end":{"line":75,"column":1}},"line":59},"11":{"name":"(anonymous_11)","decl":{"start":{"line":74,"column":9},"end":{"line":74,"column":10}},"loc":{"start":{"line":74,"column":23},"end":{"line":74,"column":38}},"line":74},"12":{"name":"(anonymous_12)","decl":{"start":{"line":77,"column":19},"end":{"line":77,"column":20}},"loc":{"start":{"line":77,"column":39},"end":{"line":91,"column":1}},"line":77},"13":{"name":"(anonymous_13)","decl":{"start":{"line":86,"column":9},"end":{"line":86,"column":10}},"loc":{"start":{"line":86,"column":21},"end":{"line":90,"column":3}},"line":86},"14":{"name":"(anonymous_14)","decl":{"start":{"line":93,"column":20},"end":{"line":93,"column":21}},"loc":{"start":{"line":93,"column":41},"end":{"line":103,"column":1}},"line":93}},"branchMap":{"0":{"loc":{"start":{"line":11,"column":4},"end":{"line":15,"column":5}},"type":"if","locations":[{"start":{"line":11,"column":4},"end":{"line":15,"column":5}},{"start":{"line":13,"column":11},"end":{"line":15,"column":5}}],"line":11},"1":{"loc":{"start":{"line":21,"column":4},"end":{"line":25,"column":5}},"type":"if","locations":[{"start":{"line":21,"column":4},"end":{"line":25,"column":5}},{"start":{"line":23,"column":11},"end":{"line":25,"column":5}}],"line":21},"2":{"loc":{"start":{"line":87,"column":4},"end":{"line":89,"column":5}},"type":"if","locations":[{"start":{"line":87,"column":4},"end":{"line":89,"column":5}},{"start":{},"end":{}}],"line":87}},"s":{"0":1,"1":0,"2":0,"3":1,"4":0,"5":0,"6":0,"7":0,"8":1,"9":0,"10":0,"11":0,"12":0,"13":1,"14":0,"15":0,"16":1,"17":0,"18":0,"19":1,"20":0,"21":0,"22":1,"23":0,"24":0,"25":0,"26":1,"27":0},"f":{"0":0,"1":0,"2":0,"3":0,"4":0,"5":0,"6":0,"7":0,"8":0,"9":0,"10":0,"11":0,"12":0,"13":0,"14":0},"b":{"0":[0,0],"1":[0,0],"2":[0,0]},"_coverageSchema":"1a1c01bbd47fc00a2c39e90264f33305004495a9","hash":"e56dfb727bea40dd1bb03db0d1239d27325a7610"}
,"/Users/thomasfettig/turing/mod4/capstone/squad-finder/src/components/GameDetailsScreen.js": {"path":"/Users/thomasfettig/turing/mod4/capstone/squad-finder/src/components/GameDetailsScreen.js","statementMap":{"0":{"start":{"line":13,"column":26},"end":{"line":123,"column":1}},"1":{"start":{"line":22,"column":32},"end":{"line":22,"column":47}},"2":{"start":{"line":23,"column":28},"end":{"line":23,"column":40}},"3":{"start":{"line":25,"column":2},"end":{"line":34,"column":9}},"4":{"start":{"line":26,"column":4},"end":{"line":31,"column":5}},"5":{"start":{"line":27,"column":24},"end":{"line":29,"column":8}},"6":{"start":{"line":28,"column":8},"end":{"line":28,"column":50}},"7":{"start":{"line":30,"column":6},"end":{"line":30,"column":28}},"8":{"start":{"line":33,"column":4},"end":{"line":33,"column":24}},"9":{"start":{"line":36,"column":28},"end":{"line":51,"column":3}},"10":{"start":{"line":37,"column":22},"end":{"line":39,"column":6}},"11":{"start":{"line":38,"column":6},"end":{"line":38,"column":48}},"12":{"start":{"line":41,"column":4},"end":{"line":50,"column":9}},"13":{"start":{"line":43,"column":8},"end":{"line":43,"column":28}},"14":{"start":{"line":44,"column":8},"end":{"line":44,"column":26}},"15":{"start":{"line":45,"column":8},"end":{"line":45,"column":21}},"16":{"start":{"line":48,"column":8},"end":{"line":48,"column":27}},"17":{"start":{"line":49,"column":8},"end":{"line":49,"column":53}},"18":{"start":{"line":53,"column":25},"end":{"line":68,"column":3}},"19":{"start":{"line":54,"column":4},"end":{"line":67,"column":9}},"20":{"start":{"line":61,"column":8},"end":{"line":61,"column":38}},"21":{"start":{"line":62,"column":8},"end":{"line":62,"column":25}},"22":{"start":{"line":63,"column":8},"end":{"line":63,"column":21}},"23":{"start":{"line":66,"column":8},"end":{"line":66,"column":53}},"24":{"start":{"line":70,"column":2},"end":{"line":122,"column":4}},"25":{"start":{"line":84,"column":10},"end":{"line":86,"column":17}},"26":{"start":{"line":91,"column":10},"end":{"line":93,"column":17}},"27":{"start":{"line":99,"column":25},"end":{"line":99,"column":47}},"28":{"start":{"line":125,"column":15},"end":{"line":273,"column":2}}},"fnMap":{"0":{"name":"(anonymous_0)","decl":{"start":{"line":13,"column":26},"end":{"line":13,"column":27}},"loc":{"start":{"line":20,"column":6},"end":{"line":123,"column":1}},"line":20},"1":{"name":"(anonymous_1)","decl":{"start":{"line":25,"column":12},"end":{"line":25,"column":13}},"loc":{"start":{"line":25,"column":18},"end":{"line":34,"column":3}},"line":25},"2":{"name":"(anonymous_2)","decl":{"start":{"line":27,"column":39},"end":{"line":27,"column":40}},"loc":{"start":{"line":27,"column":59},"end":{"line":29,"column":7}},"line":27},"3":{"name":"(anonymous_3)","decl":{"start":{"line":36,"column":28},"end":{"line":36,"column":29}},"loc":{"start":{"line":36,"column":34},"end":{"line":51,"column":3}},"line":36},"4":{"name":"(anonymous_4)","decl":{"start":{"line":37,"column":37},"end":{"line":37,"column":38}},"loc":{"start":{"line":37,"column":57},"end":{"line":39,"column":5}},"line":37},"5":{"name":"(anonymous_5)","decl":{"start":{"line":42,"column":12},"end":{"line":42,"column":13}},"loc":{"start":{"line":42,"column":18},"end":{"line":46,"column":7}},"line":42},"6":{"name":"(anonymous_6)","decl":{"start":{"line":47,"column":13},"end":{"line":47,"column":14}},"loc":{"start":{"line":47,"column":24},"end":{"line":50,"column":7}},"line":47},"7":{"name":"(anonymous_7)","decl":{"start":{"line":53,"column":25},"end":{"line":53,"column":26}},"loc":{"start":{"line":53,"column":31},"end":{"line":68,"column":3}},"line":53},"8":{"name":"(anonymous_8)","decl":{"start":{"line":60,"column":12},"end":{"line":60,"column":13}},"loc":{"start":{"line":60,"column":22},"end":{"line":64,"column":7}},"line":60},"9":{"name":"(anonymous_9)","decl":{"start":{"line":65,"column":13},"end":{"line":65,"column":14}},"loc":{"start":{"line":65,"column":24},"end":{"line":67,"column":7}},"line":65},"10":{"name":"(anonymous_10)","decl":{"start":{"line":83,"column":25},"end":{"line":83,"column":26}},"loc":{"start":{"line":84,"column":10},"end":{"line":86,"column":17}},"line":84},"11":{"name":"(anonymous_11)","decl":{"start":{"line":90,"column":27},"end":{"line":90,"column":28}},"loc":{"start":{"line":91,"column":10},"end":{"line":93,"column":17}},"line":91},"12":{"name":"(anonymous_12)","decl":{"start":{"line":99,"column":19},"end":{"line":99,"column":20}},"loc":{"start":{"line":99,"column":25},"end":{"line":99,"column":47}},"line":99}},"branchMap":{"0":{"loc":{"start":{"line":26,"column":4},"end":{"line":31,"column":5}},"type":"if","locations":[{"start":{"line":26,"column":4},"end":{"line":31,"column":5}},{"start":{},"end":{}}],"line":26},"1":{"loc":{"start":{"line":70,"column":9},"end":{"line":122,"column":3}},"type":"cond-expr","locations":[{"start":{"line":71,"column":4},"end":{"line":119,"column":17}},{"start":{"line":121,"column":4},"end":{"line":121,"column":27}}],"line":70},"2":{"loc":{"start":{"line":104,"column":43},"end":{"line":104,"column":93}},"type":"binary-expr","locations":[{"start":{"line":104,"column":43},"end":{"line":104,"column":48}},{"start":{"line":104,"column":52},"end":{"line":104,"column":93}}],"line":104},"3":{"loc":{"start":{"line":105,"column":7},"end":{"line":117,"column":7}},"type":"cond-expr","locations":[{"start":{"line":106,"column":8},"end":{"line":110,"column":15}},{"start":{"line":112,"column":8},"end":{"line":116,"column":15}}],"line":105}},"s":{"0":1,"1":10,"2":10,"3":10,"4":5,"5":5,"6":20,"7":5,"8":5,"9":10,"10":0,"11":0,"12":0,"13":0,"14":0,"15":0,"16":0,"17":0,"18":10,"19":0,"20":0,"21":0,"22":0,"23":0,"24":10,"25":10,"26":10,"27":0,"28":1},"f":{"0":10,"1":5,"2":20,"3":0,"4":0,"5":0,"6":0,"7":0,"8":0,"9":0,"10":10,"11":10,"12":0},"b":{"0":[5,0],"1":[10,0],"2":[10,0],"3":[10,0]},"_coverageSchema":"1a1c01bbd47fc00a2c39e90264f33305004495a9","hash":"eb387ab9cc626758c1ed26cff0d9d2895e0627f3"}
,"/Users/thomasfettig/turing/mod4/capstone/squad-finder/src/components/HomeScreen.js": {"path":"/Users/thomasfettig/turing/mod4/capstone/squad-finder/src/components/HomeScreen.js","statementMap":{"0":{"start":{"line":13,"column":19},"end":{"line":70,"column":1}},"1":{"start":{"line":14,"column":21},"end":{"line":14,"column":36}},"2":{"start":{"line":16,"column":14},"end":{"line":27,"column":4}},"3":{"start":{"line":17,"column":4},"end":{"line":26,"column":6}},"4":{"start":{"line":29,"column":2},"end":{"line":69,"column":3}},"5":{"start":{"line":30,"column":4},"end":{"line":62,"column":6}},"6":{"start":{"line":56,"column":25},"end":{"line":56,"column":56}},"7":{"start":{"line":64,"column":4},"end":{"line":68,"column":6}},"8":{"start":{"line":72,"column":15},"end":{"line":173,"column":2}}},"fnMap":{"0":{"name":"(anonymous_0)","decl":{"start":{"line":13,"column":19},"end":{"line":13,"column":20}},"loc":{"start":{"line":13,"column":49},"end":{"line":70,"column":1}},"line":13},"1":{"name":"(anonymous_1)","decl":{"start":{"line":16,"column":26},"end":{"line":16,"column":27}},"loc":{"start":{"line":16,"column":36},"end":{"line":27,"column":3}},"line":16},"2":{"name":"(anonymous_2)","decl":{"start":{"line":56,"column":19},"end":{"line":56,"column":20}},"loc":{"start":{"line":56,"column":25},"end":{"line":56,"column":56}},"line":56}},"branchMap":{"0":{"loc":{"start":{"line":29,"column":2},"end":{"line":69,"column":3}},"type":"if","locations":[{"start":{"line":29,"column":2},"end":{"line":69,"column":3}},{"start":{"line":63,"column":9},"end":{"line":69,"column":3}}],"line":29},"1":{"loc":{"start":{"line":29,"column":6},"end":{"line":29,"column":31}},"type":"binary-expr","locations":[{"start":{"line":29,"column":6},"end":{"line":29,"column":21}},{"start":{"line":29,"column":25},"end":{"line":29,"column":31}}],"line":29},"2":{"loc":{"start":{"line":32,"column":9},"end":{"line":32,"column":38}},"type":"binary-expr","locations":[{"start":{"line":32,"column":9},"end":{"line":32,"column":14}},{"start":{"line":32,"column":18},"end":{"line":32,"column":38}}],"line":32}},"s":{"0":1,"1":8,"2":8,"3":32,"4":8,"5":7,"6":0,"7":1,"8":1},"f":{"0":8,"1":32,"2":0},"b":{"0":[7,1],"1":[8,8],"2":[7,0]},"_coverageSchema":"1a1c01bbd47fc00a2c39e90264f33305004495a9","hash":"dc153b17fa48a3c181e52aab261c1cf19b27a2d1"}
}
