{"/Users/thomasfettig/turing/mod4/capstone/squad-finder/src/apiCalls.js": {"path":"/Users/thomasfettig/turing/mod4/capstone/squad-finder/src/apiCalls.js","statementMap":{"0":{"start":{"line":1,"column":20},"end":{"line":5,"column":1}},"1":{"start":{"line":2,"column":2},"end":{"line":4,"column":40}},"2":{"start":{"line":4,"column":23},"end":{"line":4,"column":38}},"3":{"start":{"line":7,"column":22},"end":{"line":17,"column":1}},"4":{"start":{"line":8,"column":2},"end":{"line":16,"column":5}},"5":{"start":{"line":11,"column":4},"end":{"line":15,"column":5}},"6":{"start":{"line":12,"column":6},"end":{"line":12,"column":58}},"7":{"start":{"line":14,"column":6},"end":{"line":14,"column":29}},"8":{"start":{"line":19,"column":20},"end":{"line":29,"column":1}},"9":{"start":{"line":20,"column":2},"end":{"line":28,"column":4}},"10":{"start":{"line":22,"column":6},"end":{"line":26,"column":7}},"11":{"start":{"line":23,"column":8},"end":{"line":23,"column":60}},"12":{"start":{"line":25,"column":8},"end":{"line":25,"column":31}},"13":{"start":{"line":31,"column":21},"end":{"line":41,"column":1}},"14":{"start":{"line":32,"column":2},"end":{"line":40,"column":5}},"15":{"start":{"line":35,"column":4},"end":{"line":39,"column":5}},"16":{"start":{"line":36,"column":6},"end":{"line":36,"column":31}},"17":{"start":{"line":38,"column":6},"end":{"line":38,"column":29}},"18":{"start":{"line":43,"column":18},"end":{"line":71,"column":1}},"19":{"start":{"line":51,"column":2},"end":{"line":70,"column":5}},"20":{"start":{"line":65,"column":4},"end":{"line":69,"column":5}},"21":{"start":{"line":66,"column":6},"end":{"line":66,"column":47}},"22":{"start":{"line":68,"column":6},"end":{"line":68,"column":29}},"23":{"start":{"line":73,"column":17},"end":{"line":89,"column":1}},"24":{"start":{"line":74,"column":2},"end":{"line":88,"column":40}},"25":{"start":{"line":88,"column":23},"end":{"line":88,"column":38}},"26":{"start":{"line":91,"column":19},"end":{"line":105,"column":1}},"27":{"start":{"line":92,"column":2},"end":{"line":104,"column":5}},"28":{"start":{"line":101,"column":4},"end":{"line":103,"column":5}},"29":{"start":{"line":102,"column":6},"end":{"line":102,"column":60}},"30":{"start":{"line":107,"column":20},"end":{"line":117,"column":1}},"31":{"start":{"line":108,"column":2},"end":{"line":116,"column":4}}},"fnMap":{"0":{"name":"(anonymous_0)","decl":{"start":{"line":1,"column":20},"end":{"line":1,"column":21}},"loc":{"start":{"line":1,"column":31},"end":{"line":5,"column":1}},"line":1},"1":{"name":"(anonymous_1)","decl":{"start":{"line":4,"column":9},"end":{"line":4,"column":10}},"loc":{"start":{"line":4,"column":23},"end":{"line":4,"column":38}},"line":4},"2":{"name":"(anonymous_2)","decl":{"start":{"line":7,"column":22},"end":{"line":7,"column":23}},"loc":{"start":{"line":7,"column":34},"end":{"line":17,"column":1}},"line":7},"3":{"name":"(anonymous_3)","decl":{"start":{"line":10,"column":9},"end":{"line":10,"column":10}},"loc":{"start":{"line":10,"column":23},"end":{"line":16,"column":3}},"line":10},"4":{"name":"(anonymous_4)","decl":{"start":{"line":19,"column":20},"end":{"line":19,"column":21}},"loc":{"start":{"line":19,"column":26},"end":{"line":29,"column":1}},"line":19},"5":{"name":"(anonymous_5)","decl":{"start":{"line":21,"column":4},"end":{"line":21,"column":5}},"loc":{"start":{"line":21,"column":18},"end":{"line":27,"column":5}},"line":21},"6":{"name":"(anonymous_6)","decl":{"start":{"line":31,"column":21},"end":{"line":31,"column":22}},"loc":{"start":{"line":31,"column":33},"end":{"line":41,"column":1}},"line":31},"7":{"name":"(anonymous_7)","decl":{"start":{"line":34,"column":9},"end":{"line":34,"column":10}},"loc":{"start":{"line":34,"column":23},"end":{"line":40,"column":3}},"line":34},"8":{"name":"(anonymous_8)","decl":{"start":{"line":43,"column":18},"end":{"line":43,"column":19}},"loc":{"start":{"line":50,"column":6},"end":{"line":71,"column":1}},"line":50},"9":{"name":"(anonymous_9)","decl":{"start":{"line":64,"column":10},"end":{"line":64,"column":11}},"loc":{"start":{"line":64,"column":24},"end":{"line":70,"column":3}},"line":64},"10":{"name":"(anonymous_10)","decl":{"start":{"line":73,"column":17},"end":{"line":73,"column":18}},"loc":{"start":{"line":73,"column":62},"end":{"line":89,"column":1}},"line":73},"11":{"name":"(anonymous_11)","decl":{"start":{"line":88,"column":9},"end":{"line":88,"column":10}},"loc":{"start":{"line":88,"column":23},"end":{"line":88,"column":38}},"line":88},"12":{"name":"(anonymous_12)","decl":{"start":{"line":91,"column":19},"end":{"line":91,"column":20}},"loc":{"start":{"line":91,"column":39},"end":{"line":105,"column":1}},"line":91},"13":{"name":"(anonymous_13)","decl":{"start":{"line":100,"column":9},"end":{"line":100,"column":10}},"loc":{"start":{"line":100,"column":23},"end":{"line":104,"column":3}},"line":100},"14":{"name":"(anonymous_14)","decl":{"start":{"line":107,"column":20},"end":{"line":107,"column":21}},"loc":{"start":{"line":107,"column":41},"end":{"line":117,"column":1}},"line":107}},"branchMap":{"0":{"loc":{"start":{"line":11,"column":4},"end":{"line":15,"column":5}},"type":"if","locations":[{"start":{"line":11,"column":4},"end":{"line":15,"column":5}},{"start":{"line":13,"column":11},"end":{"line":15,"column":5}}],"line":11},"1":{"loc":{"start":{"line":22,"column":6},"end":{"line":26,"column":7}},"type":"if","locations":[{"start":{"line":22,"column":6},"end":{"line":26,"column":7}},{"start":{"line":24,"column":13},"end":{"line":26,"column":7}}],"line":22},"2":{"loc":{"start":{"line":35,"column":4},"end":{"line":39,"column":5}},"type":"if","locations":[{"start":{"line":35,"column":4},"end":{"line":39,"column":5}},{"start":{"line":37,"column":11},"end":{"line":39,"column":5}}],"line":35},"3":{"loc":{"start":{"line":65,"column":4},"end":{"line":69,"column":5}},"type":"if","locations":[{"start":{"line":65,"column":4},"end":{"line":69,"column":5}},{"start":{"line":67,"column":11},"end":{"line":69,"column":5}}],"line":65},"4":{"loc":{"start":{"line":101,"column":4},"end":{"line":103,"column":5}},"type":"if","locations":[{"start":{"line":101,"column":4},"end":{"line":103,"column":5}},{"start":{},"end":{}}],"line":101}},"s":{"0":3,"1":0,"2":0,"3":3,"4":0,"5":0,"6":0,"7":0,"8":3,"9":0,"10":0,"11":0,"12":0,"13":3,"14":0,"15":0,"16":0,"17":0,"18":3,"19":0,"20":0,"21":0,"22":0,"23":3,"24":0,"25":0,"26":3,"27":0,"28":0,"29":0,"30":3,"31":0},"f":{"0":0,"1":0,"2":0,"3":0,"4":0,"5":0,"6":0,"7":0,"8":0,"9":0,"10":0,"11":0,"12":0,"13":0,"14":0},"b":{"0":[0,0],"1":[0,0],"2":[0,0],"3":[0,0],"4":[0,0]},"_coverageSchema":"1a1c01bbd47fc00a2c39e90264f33305004495a9","hash":"629c939a527d5f7536943bc28419c5c3258c80d0"}
,"/Users/thomasfettig/turing/mod4/capstone/squad-finder/src/utility-functions.js": {"path":"/Users/thomasfettig/turing/mod4/capstone/squad-finder/src/utility-functions.js","statementMap":{"0":{"start":{"line":1,"column":18},"end":{"line":9,"column":1}},"1":{"start":{"line":2,"column":22},"end":{"line":7,"column":4}},"2":{"start":{"line":3,"column":4},"end":{"line":6,"column":6}},"3":{"start":{"line":8,"column":2},"end":{"line":8,"column":21}},"4":{"start":{"line":11,"column":19},"end":{"line":16,"column":1}},"5":{"start":{"line":12,"column":23},"end":{"line":14,"column":4}},"6":{"start":{"line":13,"column":4},"end":{"line":13,"column":57}},"7":{"start":{"line":15,"column":2},"end":{"line":15,"column":22}}},"fnMap":{"0":{"name":"(anonymous_0)","decl":{"start":{"line":1,"column":18},"end":{"line":1,"column":19}},"loc":{"start":{"line":1,"column":34},"end":{"line":9,"column":1}},"line":1},"1":{"name":"(anonymous_1)","decl":{"start":{"line":2,"column":38},"end":{"line":2,"column":39}},"loc":{"start":{"line":2,"column":48},"end":{"line":7,"column":3}},"line":2},"2":{"name":"(anonymous_2)","decl":{"start":{"line":11,"column":19},"end":{"line":11,"column":20}},"loc":{"start":{"line":11,"column":36},"end":{"line":16,"column":1}},"line":11},"3":{"name":"(anonymous_3)","decl":{"start":{"line":12,"column":40},"end":{"line":12,"column":41}},"loc":{"start":{"line":12,"column":50},"end":{"line":14,"column":3}},"line":12}},"branchMap":{},"s":{"0":1,"1":4,"2":12,"3":4,"4":1,"5":0,"6":0,"7":0},"f":{"0":4,"1":12,"2":0,"3":0},"b":{},"_coverageSchema":"1a1c01bbd47fc00a2c39e90264f33305004495a9","hash":"ac138f48696c3aebe87483faa9d24d1f72caaa2a"}
,"/Users/thomasfettig/turing/mod4/capstone/squad-finder/src/components/GameDetailsScreen.js": {"path":"/Users/thomasfettig/turing/mod4/capstone/squad-finder/src/components/GameDetailsScreen.js","statementMap":{"0":{"start":{"line":13,"column":26},"end":{"line":121,"column":1}},"1":{"start":{"line":21,"column":32},"end":{"line":21,"column":47}},"2":{"start":{"line":22,"column":28},"end":{"line":22,"column":40}},"3":{"start":{"line":24,"column":2},"end":{"line":32,"column":9}},"4":{"start":{"line":25,"column":4},"end":{"line":30,"column":5}},"5":{"start":{"line":26,"column":24},"end":{"line":28,"column":8}},"6":{"start":{"line":27,"column":8},"end":{"line":27,"column":50}},"7":{"start":{"line":29,"column":6},"end":{"line":29,"column":28}},"8":{"start":{"line":31,"column":4},"end":{"line":31,"column":24}},"9":{"start":{"line":34,"column":28},"end":{"line":47,"column":3}},"10":{"start":{"line":35,"column":22},"end":{"line":37,"column":6}},"11":{"start":{"line":36,"column":6},"end":{"line":36,"column":48}},"12":{"start":{"line":38,"column":4},"end":{"line":46,"column":9}},"13":{"start":{"line":40,"column":8},"end":{"line":40,"column":28}},"14":{"start":{"line":41,"column":8},"end":{"line":41,"column":26}},"15":{"start":{"line":42,"column":8},"end":{"line":42,"column":21}},"16":{"start":{"line":45,"column":8},"end":{"line":45,"column":53}},"17":{"start":{"line":49,"column":25},"end":{"line":64,"column":3}},"18":{"start":{"line":50,"column":4},"end":{"line":63,"column":9}},"19":{"start":{"line":57,"column":8},"end":{"line":57,"column":63}},"20":{"start":{"line":58,"column":8},"end":{"line":58,"column":25}},"21":{"start":{"line":59,"column":8},"end":{"line":59,"column":21}},"22":{"start":{"line":62,"column":8},"end":{"line":62,"column":53}},"23":{"start":{"line":66,"column":2},"end":{"line":120,"column":4}},"24":{"start":{"line":80,"column":10},"end":{"line":82,"column":17}},"25":{"start":{"line":87,"column":10},"end":{"line":89,"column":17}},"26":{"start":{"line":95,"column":25},"end":{"line":95,"column":47}},"27":{"start":{"line":123,"column":15},"end":{"line":271,"column":2}}},"fnMap":{"0":{"name":"(anonymous_0)","decl":{"start":{"line":13,"column":26},"end":{"line":13,"column":27}},"loc":{"start":{"line":20,"column":6},"end":{"line":121,"column":1}},"line":20},"1":{"name":"(anonymous_1)","decl":{"start":{"line":24,"column":12},"end":{"line":24,"column":13}},"loc":{"start":{"line":24,"column":18},"end":{"line":32,"column":3}},"line":24},"2":{"name":"(anonymous_2)","decl":{"start":{"line":26,"column":39},"end":{"line":26,"column":40}},"loc":{"start":{"line":26,"column":59},"end":{"line":28,"column":7}},"line":26},"3":{"name":"(anonymous_3)","decl":{"start":{"line":34,"column":28},"end":{"line":34,"column":29}},"loc":{"start":{"line":34,"column":34},"end":{"line":47,"column":3}},"line":34},"4":{"name":"(anonymous_4)","decl":{"start":{"line":35,"column":37},"end":{"line":35,"column":38}},"loc":{"start":{"line":35,"column":57},"end":{"line":37,"column":5}},"line":35},"5":{"name":"(anonymous_5)","decl":{"start":{"line":39,"column":12},"end":{"line":39,"column":13}},"loc":{"start":{"line":39,"column":18},"end":{"line":43,"column":7}},"line":39},"6":{"name":"(anonymous_6)","decl":{"start":{"line":44,"column":13},"end":{"line":44,"column":14}},"loc":{"start":{"line":44,"column":19},"end":{"line":46,"column":7}},"line":44},"7":{"name":"(anonymous_7)","decl":{"start":{"line":49,"column":25},"end":{"line":49,"column":26}},"loc":{"start":{"line":49,"column":31},"end":{"line":64,"column":3}},"line":49},"8":{"name":"(anonymous_8)","decl":{"start":{"line":56,"column":12},"end":{"line":56,"column":13}},"loc":{"start":{"line":56,"column":22},"end":{"line":60,"column":7}},"line":56},"9":{"name":"(anonymous_9)","decl":{"start":{"line":61,"column":13},"end":{"line":61,"column":14}},"loc":{"start":{"line":61,"column":19},"end":{"line":63,"column":7}},"line":61},"10":{"name":"(anonymous_10)","decl":{"start":{"line":79,"column":25},"end":{"line":79,"column":26}},"loc":{"start":{"line":80,"column":10},"end":{"line":82,"column":17}},"line":80},"11":{"name":"(anonymous_11)","decl":{"start":{"line":86,"column":27},"end":{"line":86,"column":28}},"loc":{"start":{"line":87,"column":10},"end":{"line":89,"column":17}},"line":87},"12":{"name":"(anonymous_12)","decl":{"start":{"line":95,"column":19},"end":{"line":95,"column":20}},"loc":{"start":{"line":95,"column":25},"end":{"line":95,"column":47}},"line":95}},"branchMap":{"0":{"loc":{"start":{"line":25,"column":4},"end":{"line":30,"column":5}},"type":"if","locations":[{"start":{"line":25,"column":4},"end":{"line":30,"column":5}},{"start":{},"end":{}}],"line":25},"1":{"loc":{"start":{"line":66,"column":9},"end":{"line":120,"column":3}},"type":"cond-expr","locations":[{"start":{"line":67,"column":4},"end":{"line":117,"column":17}},{"start":{"line":119,"column":4},"end":{"line":119,"column":27}}],"line":66},"2":{"loc":{"start":{"line":101,"column":9},"end":{"line":101,"column":59}},"type":"binary-expr","locations":[{"start":{"line":101,"column":9},"end":{"line":101,"column":14}},{"start":{"line":101,"column":18},"end":{"line":101,"column":59}}],"line":101},"3":{"loc":{"start":{"line":103,"column":7},"end":{"line":115,"column":7}},"type":"cond-expr","locations":[{"start":{"line":104,"column":8},"end":{"line":108,"column":15}},{"start":{"line":110,"column":8},"end":{"line":114,"column":15}}],"line":103}},"s":{"0":3,"1":10,"2":10,"3":10,"4":5,"5":5,"6":20,"7":5,"8":5,"9":10,"10":0,"11":0,"12":0,"13":0,"14":0,"15":0,"16":0,"17":10,"18":0,"19":0,"20":0,"21":0,"22":0,"23":10,"24":10,"25":10,"26":0,"27":3},"f":{"0":10,"1":5,"2":20,"3":0,"4":0,"5":0,"6":0,"7":0,"8":0,"9":0,"10":10,"11":10,"12":0},"b":{"0":[5,0],"1":[10,0],"2":[10,0],"3":[10,0]},"_coverageSchema":"1a1c01bbd47fc00a2c39e90264f33305004495a9","hash":"2db05afcd9961fa4fee7bba35e87dc6e46758c66"}
,"/Users/thomasfettig/turing/mod4/capstone/squad-finder/src/components/HomeScreen.js": {"path":"/Users/thomasfettig/turing/mod4/capstone/squad-finder/src/components/HomeScreen.js","statementMap":{"0":{"start":{"line":13,"column":19},"end":{"line":70,"column":1}},"1":{"start":{"line":14,"column":21},"end":{"line":14,"column":36}},"2":{"start":{"line":16,"column":14},"end":{"line":27,"column":4}},"3":{"start":{"line":17,"column":4},"end":{"line":26,"column":6}},"4":{"start":{"line":29,"column":2},"end":{"line":69,"column":3}},"5":{"start":{"line":30,"column":4},"end":{"line":62,"column":6}},"6":{"start":{"line":56,"column":25},"end":{"line":56,"column":56}},"7":{"start":{"line":64,"column":4},"end":{"line":68,"column":6}},"8":{"start":{"line":72,"column":15},"end":{"line":173,"column":2}}},"fnMap":{"0":{"name":"(anonymous_0)","decl":{"start":{"line":13,"column":19},"end":{"line":13,"column":20}},"loc":{"start":{"line":13,"column":49},"end":{"line":70,"column":1}},"line":13},"1":{"name":"(anonymous_1)","decl":{"start":{"line":16,"column":26},"end":{"line":16,"column":27}},"loc":{"start":{"line":16,"column":36},"end":{"line":27,"column":3}},"line":16},"2":{"name":"(anonymous_2)","decl":{"start":{"line":56,"column":19},"end":{"line":56,"column":20}},"loc":{"start":{"line":56,"column":25},"end":{"line":56,"column":56}},"line":56}},"branchMap":{"0":{"loc":{"start":{"line":29,"column":2},"end":{"line":69,"column":3}},"type":"if","locations":[{"start":{"line":29,"column":2},"end":{"line":69,"column":3}},{"start":{"line":63,"column":9},"end":{"line":69,"column":3}}],"line":29},"1":{"loc":{"start":{"line":29,"column":6},"end":{"line":29,"column":31}},"type":"binary-expr","locations":[{"start":{"line":29,"column":6},"end":{"line":29,"column":21}},{"start":{"line":29,"column":25},"end":{"line":29,"column":31}}],"line":29},"2":{"loc":{"start":{"line":32,"column":9},"end":{"line":32,"column":38}},"type":"binary-expr","locations":[{"start":{"line":32,"column":9},"end":{"line":32,"column":14}},{"start":{"line":32,"column":18},"end":{"line":32,"column":38}}],"line":32}},"s":{"0":1,"1":8,"2":8,"3":32,"4":8,"5":7,"6":0,"7":1,"8":1},"f":{"0":8,"1":32,"2":0},"b":{"0":[7,1],"1":[8,8],"2":[7,0]},"_coverageSchema":"1a1c01bbd47fc00a2c39e90264f33305004495a9","hash":"dc153b17fa48a3c181e52aab261c1cf19b27a2d1"}
,"/Users/thomasfettig/turing/mod4/capstone/squad-finder/src/components/LoadingModal.js": {"path":"/Users/thomasfettig/turing/mod4/capstone/squad-finder/src/components/LoadingModal.js","statementMap":{"0":{"start":{"line":4,"column":21},"end":{"line":14,"column":1}},"1":{"start":{"line":5,"column":2},"end":{"line":13,"column":4}},"2":{"start":{"line":16,"column":15},"end":{"line":23,"column":2}}},"fnMap":{"0":{"name":"(anonymous_0)","decl":{"start":{"line":4,"column":21},"end":{"line":4,"column":22}},"loc":{"start":{"line":4,"column":27},"end":{"line":14,"column":1}},"line":4}},"branchMap":{},"s":{"0":2,"1":0,"2":2},"f":{"0":0},"b":{},"_coverageSchema":"1a1c01bbd47fc00a2c39e90264f33305004495a9","hash":"ac1b2c0178d075572d99aa07fc7e4afe99ffc3a0"}
,"/Users/thomasfettig/turing/mod4/capstone/squad-finder/src/components/MyGames.js": {"path":"/Users/thomasfettig/turing/mod4/capstone/squad-finder/src/components/MyGames.js","statementMap":{"0":{"start":{"line":8,"column":16},"end":{"line":102,"column":1}},"1":{"start":{"line":9,"column":42},"end":{"line":9,"column":57}},"2":{"start":{"line":10,"column":42},"end":{"line":10,"column":56}},"3":{"start":{"line":11,"column":40},"end":{"line":11,"column":52}},"4":{"start":{"line":12,"column":46},"end":{"line":12,"column":65}},"5":{"start":{"line":14,"column":23},"end":{"line":21,"column":3}},"6":{"start":{"line":15,"column":4},"end":{"line":15,"column":32}},"7":{"start":{"line":16,"column":4},"end":{"line":20,"column":6}},"8":{"start":{"line":18,"column":8},"end":{"line":18,"column":73}},"9":{"start":{"line":23,"column":2},"end":{"line":25,"column":18}},"10":{"start":{"line":24,"column":4},"end":{"line":24,"column":44}},"11":{"start":{"line":27,"column":27},"end":{"line":37,"column":3}},"12":{"start":{"line":28,"column":4},"end":{"line":34,"column":9}},"13":{"start":{"line":31,"column":26},"end":{"line":31,"column":41}},"14":{"start":{"line":33,"column":8},"end":{"line":33,"column":30}},"15":{"start":{"line":35,"column":4},"end":{"line":35,"column":26}},"16":{"start":{"line":36,"column":4},"end":{"line":36,"column":26}},"17":{"start":{"line":39,"column":2},"end":{"line":101,"column":4}},"18":{"start":{"line":46,"column":10},"end":{"line":46,"column":41}},"19":{"start":{"line":76,"column":12},"end":{"line":95,"column":14}},"20":{"start":{"line":80,"column":31},"end":{"line":80,"column":62}},"21":{"start":{"line":104,"column":15},"end":{"line":164,"column":2}}},"fnMap":{"0":{"name":"(anonymous_0)","decl":{"start":{"line":8,"column":16},"end":{"line":8,"column":17}},"loc":{"start":{"line":8,"column":64},"end":{"line":102,"column":1}},"line":8},"1":{"name":"(anonymous_1)","decl":{"start":{"line":14,"column":23},"end":{"line":14,"column":24}},"loc":{"start":{"line":14,"column":40},"end":{"line":21,"column":3}},"line":14},"2":{"name":"(anonymous_2)","decl":{"start":{"line":17,"column":23},"end":{"line":17,"column":24}},"loc":{"start":{"line":18,"column":8},"end":{"line":18,"column":73}},"line":18},"3":{"name":"(anonymous_3)","decl":{"start":{"line":23,"column":12},"end":{"line":23,"column":13}},"loc":{"start":{"line":23,"column":18},"end":{"line":25,"column":3}},"line":23},"4":{"name":"(anonymous_4)","decl":{"start":{"line":27,"column":27},"end":{"line":27,"column":28}},"loc":{"start":{"line":27,"column":37},"end":{"line":37,"column":3}},"line":27},"5":{"name":"(anonymous_5)","decl":{"start":{"line":31,"column":12},"end":{"line":31,"column":13}},"loc":{"start":{"line":31,"column":26},"end":{"line":31,"column":41}},"line":31},"6":{"name":"(anonymous_6)","decl":{"start":{"line":32,"column":12},"end":{"line":32,"column":13}},"loc":{"start":{"line":32,"column":22},"end":{"line":34,"column":7}},"line":32},"7":{"name":"(anonymous_7)","decl":{"start":{"line":45,"column":24},"end":{"line":45,"column":25}},"loc":{"start":{"line":45,"column":30},"end":{"line":47,"column":9}},"line":45},"8":{"name":"(anonymous_8)","decl":{"start":{"line":75,"column":22},"end":{"line":75,"column":23}},"loc":{"start":{"line":75,"column":36},"end":{"line":96,"column":11}},"line":75},"9":{"name":"(anonymous_9)","decl":{"start":{"line":80,"column":25},"end":{"line":80,"column":26}},"loc":{"start":{"line":80,"column":31},"end":{"line":80,"column":62}},"line":80}},"branchMap":{"0":{"loc":{"start":{"line":49,"column":9},"end":{"line":60,"column":9}},"type":"cond-expr","locations":[{"start":{"line":50,"column":10},"end":{"line":57,"column":12}},{"start":{"line":59,"column":10},"end":{"line":59,"column":26}}],"line":49}},"s":{"0":1,"1":4,"2":4,"3":4,"4":4,"5":4,"6":0,"7":0,"8":0,"9":4,"10":4,"11":4,"12":0,"13":0,"14":0,"15":0,"16":0,"17":4,"18":0,"19":16,"20":0,"21":1},"f":{"0":4,"1":0,"2":0,"3":4,"4":0,"5":0,"6":0,"7":0,"8":16,"9":0},"b":{"0":[0,4]},"_coverageSchema":"1a1c01bbd47fc00a2c39e90264f33305004495a9","hash":"25f29f0d393a5a3e0cc47ddb990bcbfaf9f6e5ef"}
,"/Users/thomasfettig/turing/mod4/capstone/squad-finder/src/components/SearchGames.js": {"path":"/Users/thomasfettig/turing/mod4/capstone/squad-finder/src/components/SearchGames.js","statementMap":{"0":{"start":{"line":17,"column":20},"end":{"line":217,"column":1}},"1":{"start":{"line":18,"column":46},"end":{"line":18,"column":58}},"2":{"start":{"line":19,"column":40},"end":{"line":19,"column":52}},"3":{"start":{"line":20,"column":44},"end":{"line":20,"column":56}},"4":{"start":{"line":21,"column":42},"end":{"line":21,"column":56}},"5":{"start":{"line":22,"column":42},"end":{"line":22,"column":57}},"6":{"start":{"line":23,"column":36},"end":{"line":23,"column":51}},"7":{"start":{"line":24,"column":28},"end":{"line":24,"column":43}},"8":{"start":{"line":25,"column":36},"end":{"line":25,"column":51}},"9":{"start":{"line":26,"column":22},"end":{"line":26,"column":32}},"10":{"start":{"line":28,"column":23},"end":{"line":31,"column":3}},"11":{"start":{"line":29,"column":4},"end":{"line":29,"column":32}},"12":{"start":{"line":30,"column":4},"end":{"line":30,"column":20}},"13":{"start":{"line":33,"column":23},"end":{"line":35,"column":3}},"14":{"start":{"line":34,"column":4},"end":{"line":34,"column":28}},"15":{"start":{"line":37,"column":24},"end":{"line":60,"column":3}},"16":{"start":{"line":38,"column":4},"end":{"line":38,"column":24}},"17":{"start":{"line":39,"column":4},"end":{"line":59,"column":5}},"18":{"start":{"line":40,"column":6},"end":{"line":40,"column":25}},"19":{"start":{"line":41,"column":6},"end":{"line":55,"column":9}},"20":{"start":{"line":42,"column":27},"end":{"line":42,"column":69}},"21":{"start":{"line":42,"column":49},"end":{"line":42,"column":68}},"22":{"start":{"line":43,"column":8},"end":{"line":54,"column":9}},"23":{"start":{"line":44,"column":34},"end":{"line":46,"column":11}},"24":{"start":{"line":45,"column":12},"end":{"line":45,"column":47}},"25":{"start":{"line":47,"column":10},"end":{"line":47,"column":30}},"26":{"start":{"line":48,"column":10},"end":{"line":48,"column":45}},"27":{"start":{"line":49,"column":10},"end":{"line":49,"column":29}},"28":{"start":{"line":51,"column":10},"end":{"line":51,"column":30}},"29":{"start":{"line":52,"column":10},"end":{"line":52,"column":42}},"30":{"start":{"line":53,"column":10},"end":{"line":53,"column":29}},"31":{"start":{"line":56,"column":6},"end":{"line":56,"column":22}},"32":{"start":{"line":58,"column":6},"end":{"line":58,"column":21}},"33":{"start":{"line":62,"column":23},"end":{"line":67,"column":3}},"34":{"start":{"line":63,"column":4},"end":{"line":63,"column":24}},"35":{"start":{"line":64,"column":4},"end":{"line":64,"column":23}},"36":{"start":{"line":65,"column":4},"end":{"line":65,"column":25}},"37":{"start":{"line":66,"column":4},"end":{"line":66,"column":32}},"38":{"start":{"line":69,"column":27},"end":{"line":79,"column":3}},"39":{"start":{"line":70,"column":4},"end":{"line":76,"column":9}},"40":{"start":{"line":73,"column":26},"end":{"line":73,"column":41}},"41":{"start":{"line":75,"column":8},"end":{"line":75,"column":30}},"42":{"start":{"line":77,"column":4},"end":{"line":77,"column":26}},"43":{"start":{"line":78,"column":4},"end":{"line":78,"column":26}},"44":{"start":{"line":81,"column":17},"end":{"line":100,"column":3}},"45":{"start":{"line":102,"column":2},"end":{"line":216,"column":4}},"46":{"start":{"line":109,"column":10},"end":{"line":109,"column":41}},"47":{"start":{"line":151,"column":29},"end":{"line":151,"column":48}},"48":{"start":{"line":156,"column":23},"end":{"line":156,"column":38}},"49":{"start":{"line":175,"column":16},"end":{"line":193,"column":18}},"50":{"start":{"line":179,"column":35},"end":{"line":179,"column":66}},"51":{"start":{"line":210,"column":23},"end":{"line":210,"column":37}},"52":{"start":{"line":219,"column":15},"end":{"line":339,"column":2}}},"fnMap":{"0":{"name":"(anonymous_0)","decl":{"start":{"line":17,"column":20},"end":{"line":17,"column":21}},"loc":{"start":{"line":17,"column":68},"end":{"line":217,"column":1}},"line":17},"1":{"name":"(anonymous_1)","decl":{"start":{"line":28,"column":23},"end":{"line":28,"column":24}},"loc":{"start":{"line":28,"column":40},"end":{"line":31,"column":3}},"line":28},"2":{"name":"(anonymous_2)","decl":{"start":{"line":33,"column":23},"end":{"line":33,"column":24}},"loc":{"start":{"line":33,"column":34},"end":{"line":35,"column":3}},"line":33},"3":{"name":"(anonymous_3)","decl":{"start":{"line":37,"column":24},"end":{"line":37,"column":25}},"loc":{"start":{"line":37,"column":30},"end":{"line":60,"column":3}},"line":37},"4":{"name":"(anonymous_4)","decl":{"start":{"line":41,"column":36},"end":{"line":41,"column":37}},"loc":{"start":{"line":41,"column":46},"end":{"line":55,"column":7}},"line":41},"5":{"name":"(anonymous_5)","decl":{"start":{"line":42,"column":39},"end":{"line":42,"column":40}},"loc":{"start":{"line":42,"column":49},"end":{"line":42,"column":68}},"line":42},"6":{"name":"(anonymous_6)","decl":{"start":{"line":44,"column":54},"end":{"line":44,"column":55}},"loc":{"start":{"line":45,"column":12},"end":{"line":45,"column":47}},"line":45},"7":{"name":"(anonymous_7)","decl":{"start":{"line":62,"column":23},"end":{"line":62,"column":24}},"loc":{"start":{"line":62,"column":29},"end":{"line":67,"column":3}},"line":62},"8":{"name":"(anonymous_8)","decl":{"start":{"line":69,"column":27},"end":{"line":69,"column":28}},"loc":{"start":{"line":69,"column":37},"end":{"line":79,"column":3}},"line":69},"9":{"name":"(anonymous_9)","decl":{"start":{"line":73,"column":12},"end":{"line":73,"column":13}},"loc":{"start":{"line":73,"column":26},"end":{"line":73,"column":41}},"line":73},"10":{"name":"(anonymous_10)","decl":{"start":{"line":74,"column":12},"end":{"line":74,"column":13}},"loc":{"start":{"line":74,"column":22},"end":{"line":76,"column":7}},"line":74},"11":{"name":"(anonymous_11)","decl":{"start":{"line":108,"column":24},"end":{"line":108,"column":25}},"loc":{"start":{"line":108,"column":30},"end":{"line":110,"column":9}},"line":108},"12":{"name":"(anonymous_12)","decl":{"start":{"line":151,"column":18},"end":{"line":151,"column":19}},"loc":{"start":{"line":151,"column":29},"end":{"line":151,"column":48}},"line":151},"13":{"name":"(anonymous_13)","decl":{"start":{"line":156,"column":17},"end":{"line":156,"column":18}},"loc":{"start":{"line":156,"column":23},"end":{"line":156,"column":38}},"line":156},"14":{"name":"(anonymous_14)","decl":{"start":{"line":174,"column":26},"end":{"line":174,"column":27}},"loc":{"start":{"line":174,"column":40},"end":{"line":194,"column":15}},"line":174},"15":{"name":"(anonymous_15)","decl":{"start":{"line":179,"column":29},"end":{"line":179,"column":30}},"loc":{"start":{"line":179,"column":35},"end":{"line":179,"column":66}},"line":179},"16":{"name":"(anonymous_16)","decl":{"start":{"line":210,"column":17},"end":{"line":210,"column":18}},"loc":{"start":{"line":210,"column":23},"end":{"line":210,"column":37}},"line":210}},"branchMap":{"0":{"loc":{"start":{"line":39,"column":4},"end":{"line":59,"column":5}},"type":"if","locations":[{"start":{"line":39,"column":4},"end":{"line":59,"column":5}},{"start":{"line":57,"column":11},"end":{"line":59,"column":5}}],"line":39},"1":{"loc":{"start":{"line":43,"column":8},"end":{"line":54,"column":9}},"type":"if","locations":[{"start":{"line":43,"column":8},"end":{"line":54,"column":9}},{"start":{"line":50,"column":15},"end":{"line":54,"column":9}}],"line":43},"2":{"loc":{"start":{"line":112,"column":9},"end":{"line":123,"column":9}},"type":"cond-expr","locations":[{"start":{"line":113,"column":10},"end":{"line":120,"column":12}},{"start":{"line":122,"column":10},"end":{"line":122,"column":26}}],"line":112},"3":{"loc":{"start":{"line":133,"column":7},"end":{"line":137,"column":7}},"type":"binary-expr","locations":[{"start":{"line":133,"column":7},"end":{"line":133,"column":12}},{"start":{"line":134,"column":8},"end":{"line":136,"column":15}}],"line":133},"4":{"loc":{"start":{"line":160,"column":7},"end":{"line":166,"column":7}},"type":"binary-expr","locations":[{"start":{"line":160,"column":7},"end":{"line":160,"column":16}},{"start":{"line":161,"column":8},"end":{"line":165,"column":10}}],"line":160},"5":{"loc":{"start":{"line":167,"column":7},"end":{"line":206,"column":7}},"type":"cond-expr","locations":[{"start":{"line":168,"column":8},"end":{"line":203,"column":9}},{"start":{"line":205,"column":8},"end":{"line":205,"column":45}}],"line":167},"6":{"loc":{"start":{"line":167,"column":7},"end":{"line":167,"column":34}},"type":"binary-expr","locations":[{"start":{"line":167,"column":7},"end":{"line":167,"column":16}},{"start":{"line":167,"column":20},"end":{"line":167,"column":34}}],"line":167},"7":{"loc":{"start":{"line":168,"column":8},"end":{"line":203,"column":9}},"type":"cond-expr","locations":[{"start":{"line":169,"column":10},"end":{"line":196,"column":17}},{"start":{"line":198,"column":10},"end":{"line":202,"column":17}}],"line":168}},"s":{"0":1,"1":5,"2":5,"3":5,"4":5,"5":5,"6":5,"7":5,"8":5,"9":5,"10":5,"11":0,"12":0,"13":5,"14":0,"15":5,"16":0,"17":0,"18":0,"19":0,"20":0,"21":0,"22":0,"23":0,"24":0,"25":0,"26":0,"27":0,"28":0,"29":0,"30":0,"31":0,"32":0,"33":5,"34":0,"35":0,"36":0,"37":0,"38":5,"39":0,"40":0,"41":0,"42":0,"43":0,"44":5,"45":5,"46":0,"47":0,"48":0,"49":0,"50":0,"51":0,"52":1},"f":{"0":5,"1":0,"2":0,"3":0,"4":0,"5":0,"6":0,"7":0,"8":0,"9":0,"10":0,"11":0,"12":0,"13":0,"14":0,"15":0,"16":0},"b":{"0":[0,0],"1":[0,0],"2":[0,5],"3":[5,0],"4":[5,0],"5":[0,5],"6":[5,0],"7":[0,0]},"_coverageSchema":"1a1c01bbd47fc00a2c39e90264f33305004495a9","hash":"64d4f69c5a345295a2c90c23b1ee780fce92751a"}
}
