TN:
SF:src/apiCalls.js
FN:1,(anonymous_0)
FN:4,(anonymous_1)
FN:7,(anonymous_2)
FN:10,(anonymous_3)
FN:19,(anonymous_4)
FN:20,(anonymous_5)
FN:29,(anonymous_6)
FN:32,(anonymous_7)
FN:35,(anonymous_8)
FN:56,(anonymous_9)
FN:65,(anonymous_10)
FN:80,(anonymous_11)
FN:83,(anonymous_12)
FN:92,(anonymous_13)
FN:99,(anonymous_14)
FNF:15
FNH:0
FNDA:0,(anonymous_0)
FNDA:0,(anonymous_1)
FNDA:0,(anonymous_2)
FNDA:0,(anonymous_3)
FNDA:0,(anonymous_4)
FNDA:0,(anonymous_5)
FNDA:0,(anonymous_6)
FNDA:0,(anonymous_7)
FNDA:0,(anonymous_8)
FNDA:0,(anonymous_9)
FNDA:0,(anonymous_10)
FNDA:0,(anonymous_11)
FNDA:0,(anonymous_12)
FNDA:0,(anonymous_13)
FNDA:0,(anonymous_14)
DA:1,3
DA:2,0
DA:4,0
DA:7,3
DA:8,0
DA:11,0
DA:12,0
DA:14,0
DA:19,3
DA:20,0
DA:21,0
DA:22,0
DA:24,0
DA:29,3
DA:30,0
DA:32,0
DA:35,3
DA:43,0
DA:57,0
DA:58,0
DA:60,0
DA:65,3
DA:66,0
DA:80,0
DA:83,3
DA:84,0
DA:93,0
DA:94,0
DA:99,3
DA:100,0
LF:30
LH:8
BRDA:11,0,0,0
BRDA:11,0,1,0
BRDA:21,1,0,0
BRDA:21,1,1,0
BRDA:57,2,0,0
BRDA:57,2,1,0
BRDA:93,3,0,0
BRDA:93,3,1,0
BRF:8
BRH:0
end_of_record
TN:
SF:src/components/GameDetailsScreen.js
FN:13,(anonymous_0)
FN:25,(anonymous_1)
FN:27,(anonymous_2)
FN:36,(anonymous_3)
FN:37,(anonymous_4)
FN:42,(anonymous_5)
FN:47,(anonymous_6)
FN:53,(anonymous_7)
FN:60,(anonymous_8)
FN:65,(anonymous_9)
FN:83,(anonymous_10)
FN:90,(anonymous_11)
FN:99,(anonymous_12)
FNF:13
FNH:5
FNDA:10,(anonymous_0)
FNDA:5,(anonymous_1)
FNDA:20,(anonymous_2)
FNDA:0,(anonymous_3)
FNDA:0,(anonymous_4)
FNDA:0,(anonymous_5)
FNDA:0,(anonymous_6)
FNDA:0,(anonymous_7)
FNDA:0,(anonymous_8)
FNDA:0,(anonymous_9)
FNDA:10,(anonymous_10)
FNDA:10,(anonymous_11)
FNDA:0,(anonymous_12)
DA:13,3
DA:22,10
DA:23,10
DA:25,10
DA:26,5
DA:27,5
DA:28,20
DA:30,5
DA:33,5
DA:36,10
DA:37,0
DA:38,0
DA:41,0
DA:43,0
DA:44,0
DA:45,0
DA:48,0
DA:49,0
DA:53,10
DA:54,0
DA:61,0
DA:62,0
DA:63,0
DA:66,0
DA:70,10
DA:84,10
DA:91,10
DA:99,0
DA:125,3
LF:29
LH:15
BRDA:26,0,0,5
BRDA:26,0,1,0
BRDA:70,1,0,10
BRDA:70,1,1,0
BRDA:104,2,0,10
BRDA:104,2,1,0
BRDA:105,3,0,10
BRDA:105,3,1,0
BRF:8
BRH:4
end_of_record
TN:
SF:src/components/HomeScreen.js
FN:13,(anonymous_0)
FN:16,(anonymous_1)
FN:56,(anonymous_2)
FNF:3
FNH:2
FNDA:8,(anonymous_0)
FNDA:32,(anonymous_1)
FNDA:0,(anonymous_2)
DA:13,1
DA:14,8
DA:16,8
DA:17,32
DA:29,8
DA:30,7
DA:56,0
DA:64,1
DA:72,1
LF:9
LH:8
BRDA:29,0,0,7
BRDA:29,0,1,1
BRDA:29,1,0,8
BRDA:29,1,1,8
BRDA:32,2,0,7
BRDA:32,2,1,0
BRF:6
BRH:5
end_of_record
TN:
SF:src/components/LoadingModal.js
FN:4,(anonymous_0)
FNF:1
FNH:0
FNDA:0,(anonymous_0)
DA:4,2
DA:5,0
DA:16,2
LF:3
LH:2
BRF:0
BRH:0
end_of_record
TN:
SF:src/components/MyGames.js
FN:7,(anonymous_0)
FN:13,(anonymous_1)
FN:16,(anonymous_2)
FN:22,(anonymous_3)
FN:26,(anonymous_4)
FN:30,(anonymous_5)
FN:31,(anonymous_6)
FN:44,(anonymous_7)
FN:74,(anonymous_8)
FN:79,(anonymous_9)
FNF:10
FNH:3
FNDA:4,(anonymous_0)
FNDA:0,(anonymous_1)
FNDA:0,(anonymous_2)
FNDA:4,(anonymous_3)
FNDA:0,(anonymous_4)
FNDA:0,(anonymous_5)
FNDA:0,(anonymous_6)
FNDA:0,(anonymous_7)
FNDA:16,(anonymous_8)
FNDA:0,(anonymous_9)
DA:7,1
DA:8,4
DA:9,4
DA:10,4
DA:11,4
DA:13,4
DA:14,0
DA:15,0
DA:17,0
DA:22,4
DA:23,4
DA:26,4
DA:27,0
DA:30,0
DA:32,0
DA:34,0
DA:35,0
DA:38,4
DA:45,0
DA:75,16
DA:79,0
DA:103,1
LF:22
LH:12
BRDA:48,0,0,0
BRDA:48,0,1,4
BRF:2
BRH:1
end_of_record
TN:
SF:src/components/SearchGames.js
FN:17,(anonymous_0)
FN:29,(anonymous_1)
FN:34,(anonymous_2)
FN:38,(anonymous_3)
FN:42,(anonymous_4)
FN:43,(anonymous_5)
FN:45,(anonymous_6)
FN:63,(anonymous_7)
FN:70,(anonymous_8)
FN:74,(anonymous_9)
FN:75,(anonymous_10)
FN:109,(anonymous_11)
FN:152,(anonymous_12)
FN:154,(anonymous_13)
FN:171,(anonymous_14)
FN:176,(anonymous_15)
FN:204,(anonymous_16)
FNF:17
FNH:1
FNDA:5,(anonymous_0)
FNDA:0,(anonymous_1)
FNDA:0,(anonymous_2)
FNDA:0,(anonymous_3)
FNDA:0,(anonymous_4)
FNDA:0,(anonymous_5)
FNDA:0,(anonymous_6)
FNDA:0,(anonymous_7)
FNDA:0,(anonymous_8)
FNDA:0,(anonymous_9)
FNDA:0,(anonymous_10)
FNDA:0,(anonymous_11)
FNDA:0,(anonymous_12)
FNDA:0,(anonymous_13)
FNDA:0,(anonymous_14)
FNDA:0,(anonymous_15)
FNDA:0,(anonymous_16)
DA:17,1
DA:18,5
DA:19,5
DA:20,5
DA:21,5
DA:22,5
DA:23,5
DA:24,5
DA:25,5
DA:27,5
DA:29,5
DA:30,0
DA:31,0
DA:34,5
DA:35,0
DA:38,5
DA:39,0
DA:40,0
DA:41,0
DA:42,0
DA:43,0
DA:44,0
DA:45,0
DA:46,0
DA:48,0
DA:49,0
DA:50,0
DA:52,0
DA:53,0
DA:54,0
DA:57,0
DA:59,0
DA:63,5
DA:64,0
DA:65,0
DA:66,0
DA:67,0
DA:70,5
DA:71,0
DA:74,0
DA:76,0
DA:78,0
DA:79,0
DA:82,5
DA:103,5
DA:110,0
DA:152,0
DA:154,0
DA:172,0
DA:176,0
DA:204,0
DA:212,1
LF:52
LH:18
BRDA:40,0,0,0
BRDA:40,0,1,0
BRDA:44,1,0,0
BRDA:44,1,1,0
BRDA:113,2,0,0
BRDA:113,2,1,5
BRDA:134,3,0,5
BRDA:134,3,1,0
BRDA:157,4,0,5
BRDA:157,4,1,0
BRDA:164,5,0,0
BRDA:164,5,1,5
BRDA:164,6,0,5
BRDA:164,6,1,0
BRDA:165,7,0,0
BRDA:165,7,1,0
BRF:16
BRH:5
end_of_record
