TN:
SF:src/apiCalls.js
FN:1,(anonymous_0)
FN:4,(anonymous_1)
FN:7,(anonymous_2)
FN:10,(anonymous_3)
FN:19,(anonymous_4)
FN:21,(anonymous_5)
FN:31,(anonymous_6)
FN:34,(anonymous_7)
FN:43,(anonymous_8)
FN:64,(anonymous_9)
FN:73,(anonymous_10)
FN:88,(anonymous_11)
FN:91,(anonymous_12)
FN:100,(anonymous_13)
FN:107,(anonymous_14)
FNF:15
FNH:0
FNDA:0,(anonymous_0)
FNDA:0,(anonymous_1)
FNDA:0,(anonymous_2)
FNDA:0,(anonymous_3)
FNDA:0,(anonymous_4)
FNDA:0,(anonymous_5)
FNDA:0,(anonymous_6)
FNDA:0,(anonymous_7)
FNDA:0,(anonymous_8)
FNDA:0,(anonymous_9)
FNDA:0,(anonymous_10)
FNDA:0,(anonymous_11)
FNDA:0,(anonymous_12)
FNDA:0,(anonymous_13)
FNDA:0,(anonymous_14)
DA:1,3
DA:2,0
DA:4,0
DA:7,3
DA:8,0
DA:11,0
DA:12,0
DA:14,0
DA:19,3
DA:20,0
DA:22,0
DA:23,0
DA:25,0
DA:31,3
DA:32,0
DA:35,0
DA:36,0
DA:38,0
DA:43,3
DA:51,0
DA:65,0
DA:66,0
DA:68,0
DA:73,3
DA:74,0
DA:88,0
DA:91,3
DA:92,0
DA:101,0
DA:102,0
DA:107,3
DA:108,0
LF:32
LH:8
BRDA:11,0,0,0
BRDA:11,0,1,0
BRDA:22,1,0,0
BRDA:22,1,1,0
BRDA:35,2,0,0
BRDA:35,2,1,0
BRDA:65,3,0,0
BRDA:65,3,1,0
BRDA:101,4,0,0
BRDA:101,4,1,0
BRF:10
BRH:0
end_of_record
TN:
SF:src/utility-functions.js
FN:1,(anonymous_0)
FN:2,(anonymous_1)
FN:11,(anonymous_2)
FN:12,(anonymous_3)
FNF:4
FNH:4
FNDA:5,(anonymous_0)
FNDA:15,(anonymous_1)
FNDA:1,(anonymous_2)
FNDA:2,(anonymous_3)
DA:1,2
DA:2,5
DA:3,15
DA:8,5
DA:11,2
DA:12,1
DA:13,2
DA:15,1
LF:8
LH:8
BRF:0
BRH:0
end_of_record
TN:
SF:src/components/GameDetailsScreen.js
FN:13,(anonymous_0)
FN:24,(anonymous_1)
FN:26,(anonymous_2)
FN:35,(anonymous_3)
FN:36,(anonymous_4)
FN:43,(anonymous_5)
FN:48,(anonymous_6)
FN:54,(anonymous_7)
FN:61,(anonymous_8)
FN:66,(anonymous_9)
FN:84,(anonymous_10)
FN:91,(anonymous_11)
FN:100,(anonymous_12)
FNF:13
FNH:5
FNDA:10,(anonymous_0)
FNDA:5,(anonymous_1)
FNDA:20,(anonymous_2)
FNDA:0,(anonymous_3)
FNDA:0,(anonymous_4)
FNDA:0,(anonymous_5)
FNDA:0,(anonymous_6)
FNDA:0,(anonymous_7)
FNDA:0,(anonymous_8)
FNDA:0,(anonymous_9)
FNDA:10,(anonymous_10)
FNDA:10,(anonymous_11)
FNDA:0,(anonymous_12)
DA:13,3
DA:21,10
DA:22,10
DA:24,10
DA:25,5
DA:26,5
DA:27,20
DA:29,5
DA:32,5
DA:35,10
DA:36,0
DA:37,0
DA:40,0
DA:42,0
DA:44,0
DA:45,0
DA:46,0
DA:49,0
DA:50,0
DA:54,10
DA:55,0
DA:62,0
DA:63,0
DA:64,0
DA:67,0
DA:71,10
DA:85,10
DA:92,10
DA:100,0
DA:128,3
LF:30
LH:15
BRDA:25,0,0,5
BRDA:25,0,1,0
BRDA:71,1,0,10
BRDA:71,1,1,0
BRDA:106,2,0,10
BRDA:106,2,1,0
BRDA:108,3,0,10
BRDA:108,3,1,0
BRF:8
BRH:4
end_of_record
TN:
SF:src/components/HomeScreen.js
FN:13,(anonymous_0)
FN:16,(anonymous_1)
FN:56,(anonymous_2)
FNF:3
FNH:2
FNDA:8,(anonymous_0)
FNDA:32,(anonymous_1)
FNDA:0,(anonymous_2)
DA:13,1
DA:14,8
DA:16,8
DA:17,32
DA:29,8
DA:30,7
DA:56,0
DA:64,1
DA:65,0
DA:71,1
DA:79,1
LF:11
LH:9
BRDA:29,0,0,7
BRDA:29,0,1,1
BRDA:29,1,0,8
BRDA:29,1,1,8
BRDA:32,2,0,7
BRDA:32,2,1,0
BRDA:64,3,0,0
BRDA:64,3,1,1
BRDA:64,4,0,1
BRDA:64,4,1,0
BRF:10
BRH:7
end_of_record
TN:
SF:src/components/LoadingModal.js
FN:4,(anonymous_0)
FNF:1
FNH:0
FNDA:0,(anonymous_0)
DA:4,2
DA:5,0
DA:16,2
LF:3
LH:2
BRF:0
BRH:0
end_of_record
TN:
SF:src/components/MyGames.js
FN:8,(anonymous_0)
FN:14,(anonymous_1)
FN:17,(anonymous_2)
FN:23,(anonymous_3)
FN:27,(anonymous_4)
FN:31,(anonymous_5)
FN:32,(anonymous_6)
FN:45,(anonymous_7)
FN:75,(anonymous_8)
FN:80,(anonymous_9)
FNF:10
FNH:3
FNDA:4,(anonymous_0)
FNDA:0,(anonymous_1)
FNDA:0,(anonymous_2)
FNDA:4,(anonymous_3)
FNDA:0,(anonymous_4)
FNDA:0,(anonymous_5)
FNDA:0,(anonymous_6)
FNDA:0,(anonymous_7)
FNDA:16,(anonymous_8)
FNDA:0,(anonymous_9)
DA:8,1
DA:9,4
DA:10,4
DA:11,4
DA:12,4
DA:14,4
DA:15,0
DA:16,0
DA:18,0
DA:23,4
DA:24,4
DA:27,4
DA:28,0
DA:31,0
DA:33,0
DA:35,0
DA:36,0
DA:39,4
DA:46,0
DA:76,16
DA:80,0
DA:104,1
LF:22
LH:12
BRDA:49,0,0,0
BRDA:49,0,1,4
BRF:2
BRH:1
end_of_record
TN:
SF:src/components/SearchGames.js
FN:17,(anonymous_0)
FN:29,(anonymous_1)
FN:34,(anonymous_2)
FN:38,(anonymous_3)
FN:42,(anonymous_4)
FN:43,(anonymous_5)
FN:45,(anonymous_6)
FN:63,(anonymous_7)
FN:70,(anonymous_8)
FN:74,(anonymous_9)
FN:75,(anonymous_10)
FN:109,(anonymous_11)
FN:152,(anonymous_12)
FN:157,(anonymous_13)
FN:175,(anonymous_14)
FN:180,(anonymous_15)
FN:211,(anonymous_16)
FNF:17
FNH:1
FNDA:5,(anonymous_0)
FNDA:0,(anonymous_1)
FNDA:0,(anonymous_2)
FNDA:0,(anonymous_3)
FNDA:0,(anonymous_4)
FNDA:0,(anonymous_5)
FNDA:0,(anonymous_6)
FNDA:0,(anonymous_7)
FNDA:0,(anonymous_8)
FNDA:0,(anonymous_9)
FNDA:0,(anonymous_10)
FNDA:0,(anonymous_11)
FNDA:0,(anonymous_12)
FNDA:0,(anonymous_13)
FNDA:0,(anonymous_14)
FNDA:0,(anonymous_15)
FNDA:0,(anonymous_16)
DA:17,1
DA:18,5
DA:19,5
DA:20,5
DA:21,5
DA:22,5
DA:23,5
DA:24,5
DA:25,5
DA:27,5
DA:29,5
DA:30,0
DA:31,0
DA:34,5
DA:35,0
DA:38,5
DA:39,0
DA:40,0
DA:41,0
DA:42,0
DA:43,0
DA:44,0
DA:45,0
DA:46,0
DA:48,0
DA:49,0
DA:50,0
DA:52,0
DA:53,0
DA:54,0
DA:57,0
DA:59,0
DA:63,5
DA:64,0
DA:65,0
DA:66,0
DA:67,0
DA:70,5
DA:71,0
DA:74,0
DA:76,0
DA:78,0
DA:79,0
DA:82,5
DA:103,5
DA:110,0
DA:152,0
DA:157,0
DA:176,0
DA:180,0
DA:211,0
DA:220,1
LF:52
LH:18
BRDA:40,0,0,0
BRDA:40,0,1,0
BRDA:44,1,0,0
BRDA:44,1,1,0
BRDA:113,2,0,0
BRDA:113,2,1,5
BRDA:134,3,0,5
BRDA:134,3,1,0
BRDA:161,4,0,5
BRDA:161,4,1,0
BRDA:168,5,0,0
BRDA:168,5,1,5
BRDA:168,6,0,5
BRDA:168,6,1,0
BRDA:169,7,0,0
BRDA:169,7,1,0
BRF:16
BRH:5
end_of_record
